c:\users\master\desktop\dx11lts\dx11\x64\debug\vc142.pdb
c:\users\master\desktop\dx11lts\dx11\x64\debug\vc142.idb
c:\users\master\desktop\dx11lts\dx11\x64\debug\skybox.obj
c:\users\master\desktop\dx11lts\dx11\x64\debug\renderer.obj
c:\users\master\desktop\dx11lts\dx11\x64\debug\polygon.obj
c:\users\master\desktop\dx11lts\dx11\x64\debug\player.obj
c:\users\master\desktop\dx11lts\dx11\x64\debug\model.obj
c:\users\master\desktop\dx11lts\dx11\x64\debug\manager.obj
c:\users\master\desktop\dx11lts\dx11\x64\debug\main.obj
c:\users\master\desktop\dx11lts\dx11\x64\debug\input.obj
c:\users\master\desktop\dx11lts\dx11\x64\debug\gametimer.obj
c:\users\master\desktop\dx11lts\dx11\x64\debug\field.obj
c:\users\master\desktop\dx11lts\dx11\x64\debug\polygonanimation.obj
c:\users\master\desktop\dx11lts\dx11\x64\debug\mouse.obj
c:\users\master\desktop\dx11lts\dx11\x64\debug\light.obj
c:\users\master\desktop\dx11lts\dx11\x64\debug\firstpersoncamera.obj
c:\users\master\desktop\dx11lts\dx11\x64\debug\enemy.obj
c:\users\master\desktop\dx11lts\dx11\x64\debug\effect.obj
c:\users\master\desktop\dx11lts\dx11\x64\debug\directwrite.obj
c:\users\master\desktop\dx11lts\dx11\x64\debug\camera.obj
c:\users\master\desktop\dx11lts\dx11\x64\debug\bullet.obj
c:\users\master\desktop\dx11lts\dx11\x64\debug\audio.obj
c:\users\master\desktop\dx11lts\dx11\x64\debug\sprite.obj
c:\users\master\desktop\dx11lts\dx11\x64\debug\sound.obj
c:\users\master\desktop\dx11lts\dx11\pixelshader.cso
c:\users\master\desktop\dx11lts\dx11\vertexshader.cso
c:\users\master\desktop\dx11lts\x64\debug\dx11.pdb
c:\users\master\desktop\dx11lts\dx11\x64\debug\dx11.tlog\cl.command.1.tlog
c:\users\master\desktop\dx11lts\dx11\x64\debug\dx11.tlog\cl.read.1.tlog
c:\users\master\desktop\dx11lts\dx11\x64\debug\dx11.tlog\cl.write.1.tlog
c:\users\master\desktop\dx11lts\dx11\x64\debug\dx11.tlog\fxc.command.1.tlog
c:\users\master\desktop\dx11lts\dx11\x64\debug\dx11.tlog\fxc.read.1.tlog
c:\users\master\desktop\dx11lts\dx11\x64\debug\dx11.tlog\fxc.write.1.tlog
c:\users\master\desktop\dx11lts\dx11\x64\debug\dx11.tlog\link-cvtres.read.1.tlog
c:\users\master\desktop\dx11lts\dx11\x64\debug\dx11.tlog\link-cvtres.write.1.tlog
c:\users\master\desktop\dx11lts\dx11\x64\debug\dx11.tlog\link-rc.read.1.tlog
c:\users\master\desktop\dx11lts\dx11\x64\debug\dx11.tlog\link-rc.write.1.tlog
c:\users\master\desktop\dx11lts\dx11\x64\debug\dx11.tlog\link.command.1.tlog
c:\users\master\desktop\dx11lts\dx11\x64\debug\dx11.tlog\link.read.1.tlog
c:\users\master\desktop\dx11lts\dx11\x64\debug\dx11.tlog\link.write.1.tlog
